<?xml version="1.0" encoding="UTF-8"?>
<!-- Generated by org.testng.reporters.JUnitReportReporter -->
<testsuite skipped="0" hostname="VivekPC" name="homePageTestCases.toverifyHeaders" tests="5" failures="0" timestamp="12 Dec 2018 05:05:26 GMT" time="50.048" errors="0">
  <testcase name="toVerifyHemberger" time="26.776" classname="homePageTestCases.toverifyHeaders"/>
  <testcase name="toverifysearch" time="6.871" classname="homePageTestCases.toverifyHeaders"/>
  <testcase name="toVerifyNYTlogo" time="0.075" classname="homePageTestCases.toverifyHeaders"/>
  <testcase name="toVerifySectionListItem" time="1.326" classname="homePageTestCases.toverifyHeaders"/>
  <testcase name="toVerifylogin" time="15.000" classname="homePageTestCases.toverifyHeaders"/>
</testsuite> <!-- homePageTestCases.toverifyHeaders -->
